<?xml version="1.0" encoding="UTF-8"?>
<!-- Generated by org.testng.reporters.JUnitReportReporter -->
<testsuite hostname="DESKTOP-KA8V3G6" failures="0" tests="3" name="com.gtentechnologies.tests.HomePageTest" time="11.528" errors="0" timestamp="2024-07-05T13:51:51 IST" skipped="0">
  <testcase classname="com.gtentechnologies.tests.HomePageTest" name="checkWhetherWebTitleIsCorrect" time="3.874"/>
  <testcase classname="com.gtentechnologies.tests.HomePageTest" name="checkWhetherServicesIsCorrect" time="4.107"/>
  <testcase classname="com.gtentechnologies.tests.HomePageTest" name="checkWhetherHomeTitleIsCorrect" time="3.547"/>
</testsuite> <!-- com.gtentechnologies.tests.HomePageTest -->
