<?xml version="1.0" encoding="UTF-8"?>
<!-- Generated by org.testng.reporters.JUnitReportReporter -->
<testsuite hostname="DESKTOP-KA8V3G6" failures="0" tests="1" name="com.gtentechnologies.tests.HomePageTest" time="5.125" errors="0" timestamp="2024-07-05T17:37:02 IST" skipped="0">
  <testcase classname="com.gtentechnologies.tests.HomePageTest" name="checkWhetherAboutusDescription" time="5.125"/>
</testsuite> <!-- com.gtentechnologies.tests.HomePageTest -->
