<?xml version="1.0" encoding="UTF-8"?>
<!-- Generated by org.testng.reporters.JUnitReportReporter -->
<testsuite hostname="DESKTOP-KA8V3G6" failures="0" tests="2" name="com.gtentechnologies.tests.HomePageTest" time="8.319" errors="0" timestamp="2024-07-04T15:47:36 IST" skipped="0">
  <testcase classname="com.gtentechnologies.tests.HomePageTest" name="checkWhetherHomeTitleIsCorrect" time="4.965"/>
  <testcase classname="com.gtentechnologies.tests.HomePageTest" name="checkWhetherWebTitleIsCorrect" time="3.354"/>
</testsuite> <!-- com.gtentechnologies.tests.HomePageTest -->
